Using pip 26.0.1 from /home/chens_177/miniconda3/envs/gembench/lib/python3.10/site-packages/pip (python 3.10)
Collecting flash_attn==2.5.9.post1
  Using cached flash_attn-2.5.9.post1.tar.gz (2.6 MB)
  Preparing metadata (pyproject.toml): started
  Running command Preparing metadata (pyproject.toml)
  /home/chens_177/miniconda3/envs/gembench/lib/python3.10/site-packages/wheel/bdist_wheel.py:4: FutureWarning: The 'wheel' package is no longer the canonical location of the 'bdist_wheel' command, and will be removed in a future release. Please update to setuptools v70.1 or later which contains an integrated version of this command.
    warn(
  fatal: not a git repository (or any of the parent directories): .git


  torch.__version__  = 2.3.0+cu121


  running dist_info
  creating /tmp/pip-modern-metadata-zsk0eto5/flash_attn.egg-info
  writing /tmp/pip-modern-metadata-zsk0eto5/flash_attn.egg-info/PKG-INFO
  writing dependency_links to /tmp/pip-modern-metadata-zsk0eto5/flash_attn.egg-info/dependency_links.txt
  writing requirements to /tmp/pip-modern-metadata-zsk0eto5/flash_attn.egg-info/requires.txt
  writing top-level names to /tmp/pip-modern-metadata-zsk0eto5/flash_attn.egg-info/top_level.txt
  writing manifest file '/tmp/pip-modern-metadata-zsk0eto5/flash_attn.egg-info/SOURCES.txt'
  reading manifest file '/tmp/pip-modern-metadata-zsk0eto5/flash_attn.egg-info/SOURCES.txt'
  reading manifest template 'MANIFEST.in'
  warning: no files found matching '*.cu' under directory 'flash_attn'
  warning: no files found matching '*.h' under directory 'flash_attn'
  warning: no files found matching '*.cuh' under directory 'flash_attn'
  warning: no files found matching '*.cpp' under directory 'flash_attn'
  warning: no files found matching '*.hpp' under directory 'flash_attn'
  adding license file 'LICENSE'
  adding license file 'AUTHORS'
  writing manifest file '/tmp/pip-modern-metadata-zsk0eto5/flash_attn.egg-info/SOURCES.txt'
  creating '/tmp/pip-modern-metadata-zsk0eto5/flash_attn-2.5.9.post1.dist-info'
  Preparing metadata (pyproject.toml): finished with status 'done'
Requirement already satisfied: torch in /home/chens_177/miniconda3/envs/gembench/lib/python3.10/site-packages (from flash_attn==2.5.9.post1) (2.3.0+cu121)
Requirement already satisfied: einops in /home/chens_177/miniconda3/envs/gembench/lib/python3.10/site-packages (from flash_attn==2.5.9.post1) (0.8.0)
Requirement already satisfied: filelock in /home/chens_177/miniconda3/envs/gembench/lib/python3.10/site-packages (from torch->flash_attn==2.5.9.post1) (3.16.1)
Requirement already satisfied: typing-extensions>=4.8.0 in /home/chens_177/miniconda3/envs/gembench/lib/python3.10/site-packages (from torch->flash_attn==2.5.9.post1) (4.15.0)
Requirement already satisfied: sympy in /home/chens_177/miniconda3/envs/gembench/lib/python3.10/site-packages (from torch->flash_attn==2.5.9.post1) (1.14.0)
Requirement already satisfied: networkx in /home/chens_177/miniconda3/envs/gembench/lib/python3.10/site-packages (from torch->flash_attn==2.5.9.post1) (3.4.2)
Requirement already satisfied: jinja2 in /home/chens_177/miniconda3/envs/gembench/lib/python3.10/site-packages (from torch->flash_attn==2.5.9.post1) (3.1.6)
Requirement already satisfied: fsspec in /home/chens_177/miniconda3/envs/gembench/lib/python3.10/site-packages (from torch->flash_attn==2.5.9.post1) (2026.2.0)
Requirement already satisfied: nvidia-cuda-nvrtc-cu12==12.1.105 in /home/chens_177/miniconda3/envs/gembench/lib/python3.10/site-packages (from torch->flash_attn==2.5.9.post1) (12.1.105)
Requirement already satisfied: nvidia-cuda-runtime-cu12==12.1.105 in /home/chens_177/miniconda3/envs/gembench/lib/python3.10/site-packages (from torch->flash_attn==2.5.9.post1) (12.1.105)
Requirement already satisfied: nvidia-cuda-cupti-cu12==12.1.105 in /home/chens_177/miniconda3/envs/gembench/lib/python3.10/site-packages (from torch->flash_attn==2.5.9.post1) (12.1.105)
Requirement already satisfied: nvidia-cudnn-cu12==8.9.2.26 in /home/chens_177/miniconda3/envs/gembench/lib/python3.10/site-packages (from torch->flash_attn==2.5.9.post1) (8.9.2.26)
Requirement already satisfied: nvidia-cublas-cu12==12.1.3.1 in /home/chens_177/miniconda3/envs/gembench/lib/python3.10/site-packages (from torch->flash_attn==2.5.9.post1) (12.1.3.1)
Requirement already satisfied: nvidia-cufft-cu12==11.0.2.54 in /home/chens_177/miniconda3/envs/gembench/lib/python3.10/site-packages (from torch->flash_attn==2.5.9.post1) (11.0.2.54)
Requirement already satisfied: nvidia-curand-cu12==10.3.2.106 in /home/chens_177/miniconda3/envs/gembench/lib/python3.10/site-packages (from torch->flash_attn==2.5.9.post1) (10.3.2.106)
Requirement already satisfied: nvidia-cusolver-cu12==11.4.5.107 in /home/chens_177/miniconda3/envs/gembench/lib/python3.10/site-packages (from torch->flash_attn==2.5.9.post1) (11.4.5.107)
Requirement already satisfied: nvidia-cusparse-cu12==12.1.0.106 in /home/chens_177/miniconda3/envs/gembench/lib/python3.10/site-packages (from torch->flash_attn==2.5.9.post1) (12.1.0.106)
Requirement already satisfied: nvidia-nccl-cu12==2.20.5 in /home/chens_177/miniconda3/envs/gembench/lib/python3.10/site-packages (from torch->flash_attn==2.5.9.post1) (2.20.5)
Requirement already satisfied: nvidia-nvtx-cu12==12.1.105 in /home/chens_177/miniconda3/envs/gembench/lib/python3.10/site-packages (from torch->flash_attn==2.5.9.post1) (12.1.105)
Requirement already satisfied: triton==2.3.0 in /home/chens_177/miniconda3/envs/gembench/lib/python3.10/site-packages (from torch->flash_attn==2.5.9.post1) (2.3.0)
Requirement already satisfied: nvidia-nvjitlink-cu12 in /home/chens_177/miniconda3/envs/gembench/lib/python3.10/site-packages (from nvidia-cusolver-cu12==11.4.5.107->torch->flash_attn==2.5.9.post1) (12.9.86)
Requirement already satisfied: MarkupSafe>=2.0 in /home/chens_177/miniconda3/envs/gembench/lib/python3.10/site-packages (from jinja2->torch->flash_attn==2.5.9.post1) (3.0.3)
Requirement already satisfied: mpmath<1.4,>=1.1.0 in /home/chens_177/miniconda3/envs/gembench/lib/python3.10/site-packages (from sympy->torch->flash_attn==2.5.9.post1) (1.3.0)
Building wheels for collected packages: flash_attn
  Building wheel for flash_attn (pyproject.toml): started
  Running command Building wheel for flash_attn (pyproject.toml)
  /home/chens_177/miniconda3/envs/gembench/lib/python3.10/site-packages/wheel/bdist_wheel.py:4: FutureWarning: The 'wheel' package is no longer the canonical location of the 'bdist_wheel' command, and will be removed in a future release. Please update to setuptools v70.1 or later which contains an integrated version of this command.
    warn(
  fatal: not a git repository (or any of the parent directories): .git


  torch.__version__  = 2.3.0+cu121


  running bdist_wheel
  Guessing wheel URL:  https://github.com/Dao-AILab/flash-attention/releases/download/v2.5.9.post1/flash_attn-2.5.9.post1+cu122torch2.3cxx11abiFALSE-cp310-cp310-linux_x86_64.whl
  Raw wheel path /home/chens_177/.cache/pip/wheels/cc/ad/f6/7ccf0238790d6346e9fe622923a76ec218e890d356b9a2754a/tmpwjl48xiw/.tmp-iwj0js4h/flash_attn-2.5.9.post1-cp310-cp310-linux_x86_64.whl
  Building wheel for flash_attn (pyproject.toml): finished with status 'done'
  Created wheel for flash_attn: filename=flash_attn-2.5.9.post1-cp310-cp310-linux_x86_64.whl size=120889689 sha256=5022ba11d48bf74926da9c16260f4ea2b9bb7f4e29bdb4bd6e1383ad1c55d16f
  Stored in directory: /home/chens_177/.cache/pip/wheels/cc/ad/f6/7ccf0238790d6346e9fe622923a76ec218e890d356b9a2754a
Successfully built flash_attn
Installing collected packages: flash_attn
Successfully installed flash_attn-2.5.9.post1
